<?xml version="1.0" encoding="UTF-8"?>
<testng-results ignored="0" total="1" passed="1" failed="0" skipped="0">
  <reporter-output>
  </reporter-output>
  <suite started-at="2023-11-20T09:51:57 IST" name="Default suite" finished-at="2023-11-20T09:52:25 IST" duration-ms="28588">
    <groups>
    </groups>
    <test started-at="2023-11-20T09:51:57 IST" name="Default test" finished-at="2023-11-20T09:52:25 IST" duration-ms="28588">
      <class name="com.Configurations.S02_Plant_Document_Type_Mapping">
        <test-method is-config="true" signature="URL_Load()[pri:0, instance:com.Configurations.S02_Plant_Document_Type_Mapping@2a62b5bc]" started-at="2023-11-20T09:51:57 IST" name="URL_Load" finished-at="2023-11-20T09:52:05 IST" duration-ms="8064" status="PASS">
          <reporter-output>
          </reporter-output>
        </test-method> <!-- URL_Load -->
        <test-method signature="A()[pri:0, instance:com.Configurations.S02_Plant_Document_Type_Mapping@2a62b5bc]" started-at="2023-11-20T09:52:05 IST" name="A" finished-at="2023-11-20T09:52:25 IST" duration-ms="20489" status="PASS">
          <reporter-output>
          </reporter-output>
        </test-method> <!-- A -->
      </class> <!-- com.Configurations.S02_Plant_Document_Type_Mapping -->
    </test> <!-- Default test -->
  </suite> <!-- Default suite -->
</testng-results>
